
==========================================================================
floorplan final report_tns
--------------------------------------------------------------------------
tns max 0.00

==========================================================================
floorplan final report_wns
--------------------------------------------------------------------------
wns max 0.00

==========================================================================
floorplan final report_worst_slack
--------------------------------------------------------------------------
worst slack max 17.44

==========================================================================
floorplan final report_clock_min_period
--------------------------------------------------------------------------
core_clk period_min = 3.39 fmax = 294.75

==========================================================================
floorplan final report_checks -path_delay min
--------------------------------------------------------------------------
Startpoint: usb_core.tx.state[2]$_DFFE_PN0P_
            (rising edge-triggered flip-flop clocked by core_clk)
Endpoint: usb_core.tx.tx_crc.r[0]$_DFFE_PN1P_
          (removal check against rising-edge clock core_clk)
Path Group: asynchronous
Path Type: min

Fanout     Cap    Slew   Delay    Time   Description
-----------------------------------------------------------------------------
                  0.00    0.00    0.00   clock core_clk (rise edge)
                          0.00    0.00   clock network delay (ideal)
                  0.00    0.00    0.00 ^ usb_core.tx.state[2]$_DFFE_PN0P_/CLK (sky130_fd_sc_hd__dfrtp_1)
     2    0.01    0.08    0.33    0.33 ^ usb_core.tx.state[2]$_DFFE_PN0P_/Q (sky130_fd_sc_hd__dfrtp_1)
                                         usb_core.tx.state[2] (net)
                  0.08    0.00    0.33 ^ _418_/C (sky130_fd_sc_hd__nor3_2)
     8    0.02    0.05    0.07    0.40 v _418_/Y (sky130_fd_sc_hd__nor3_2)
                                         _140_ (net)
                  0.05    0.00    0.40 v _419_/A (sky130_fd_sc_hd__inv_1)
     8    0.01    0.11    0.11    0.51 ^ _419_/Y (sky130_fd_sc_hd__inv_1)
                                         tx_en (net)
                  0.11    0.00    0.51 ^ _412_/B (sky130_fd_sc_hd__and2_1)
    16    0.05    0.53    0.48    0.98 ^ _412_/X (sky130_fd_sc_hd__and2_1)
                                         usb_core.tx.tx_crc.rst_n (net)
                  0.53    0.00    0.98 ^ usb_core.tx.tx_crc.r[0]$_DFFE_PN1P_/SET_B (sky130_fd_sc_hd__dfstp_2)
                                  0.98   data arrival time

                  0.00    0.00    0.00   clock core_clk (rise edge)
                          0.00    0.00   clock network delay (ideal)
                          0.00    0.00   clock reconvergence pessimism
                                  0.00 ^ usb_core.tx.tx_crc.r[0]$_DFFE_PN1P_/CLK (sky130_fd_sc_hd__dfstp_2)
                          0.10    0.10   library removal time
                                  0.10   data required time
-----------------------------------------------------------------------------
                                  0.10   data required time
                                 -0.98   data arrival time
-----------------------------------------------------------------------------
                                  0.88   slack (MET)


Startpoint: usb_core.recv.se0_filter.r[1]$_DFF_P_
            (rising edge-triggered flip-flop clocked by core_clk)
Endpoint: usb_core.recv.se0_filter.r[2]$_DFF_P_
          (rising edge-triggered flip-flop clocked by core_clk)
Path Group: core_clk
Path Type: min

Fanout     Cap    Slew   Delay    Time   Description
-----------------------------------------------------------------------------
                  0.00    0.00    0.00   clock core_clk (rise edge)
                          0.00    0.00   clock network delay (ideal)
                  0.00    0.00    0.00 ^ usb_core.recv.se0_filter.r[1]$_DFF_P_/CLK (sky130_fd_sc_hd__dfxtp_1)
     2    0.00    0.05    0.29    0.29 ^ usb_core.recv.se0_filter.r[1]$_DFF_P_/Q (sky130_fd_sc_hd__dfxtp_1)
                                         usb_core.recv.se0_filter.r[1] (net)
                  0.05    0.00    0.29 ^ usb_core.recv.se0_filter.r[2]$_DFF_P_/D (sky130_fd_sc_hd__dfxtp_1)
                                  0.29   data arrival time

                  0.00    0.00    0.00   clock core_clk (rise edge)
                          0.00    0.00   clock network delay (ideal)
                          0.00    0.00   clock reconvergence pessimism
                                  0.00 ^ usb_core.recv.se0_filter.r[2]$_DFF_P_/CLK (sky130_fd_sc_hd__dfxtp_1)
                         -0.04   -0.04   library hold time
                                 -0.04   data required time
-----------------------------------------------------------------------------
                                 -0.04   data required time
                                 -0.29   data arrival time
-----------------------------------------------------------------------------
                                  0.33   slack (MET)



==========================================================================
floorplan final report_checks -path_delay max
--------------------------------------------------------------------------
Startpoint: rst_n (input port clocked by core_clk)
Endpoint: usb_core.recv.sm.crc16.r[0]$_DFFE_PN1N_
          (recovery check against rising-edge clock core_clk)
Path Group: asynchronous
Path Type: max

Fanout     Cap    Slew   Delay    Time   Description
-----------------------------------------------------------------------------
                  0.00    0.00    0.00   clock core_clk (rise edge)
                          0.00    0.00   clock network delay (ideal)
                          2.00    2.00 ^ input external delay
    65    0.23    0.00    0.00    2.00 ^ rst_n (in)
                                         rst_n (net)
                  0.00    0.00    2.00 ^ _411_/B (sky130_fd_sc_hd__and2_1)
    21    0.07    0.69    0.55    2.55 ^ _411_/X (sky130_fd_sc_hd__and2_1)
                                         usb_core.recv.sm.crc16.rst_n (net)
                  0.69    0.00    2.55 ^ usb_core.recv.sm.crc16.r[0]$_DFFE_PN1N_/SET_B (sky130_fd_sc_hd__dfstp_2)
                                  2.55   data arrival time

                  0.00   20.83   20.83   clock core_clk (rise edge)
                          0.00   20.83   clock network delay (ideal)
                          0.00   20.83   clock reconvergence pessimism
                                 20.83 ^ usb_core.recv.sm.crc16.r[0]$_DFFE_PN1N_/CLK (sky130_fd_sc_hd__dfstp_2)
                          0.08   20.91   library recovery time
                                 20.91   data required time
-----------------------------------------------------------------------------
                                 20.91   data required time
                                 -2.55   data arrival time
-----------------------------------------------------------------------------
                                 18.36   slack (MET)


Startpoint: usb_core.tx.state[2]$_DFFE_PN0P_
            (rising edge-triggered flip-flop clocked by core_clk)
Endpoint: tx_j (output port clocked by core_clk)
Path Group: core_clk
Path Type: max

Fanout     Cap    Slew   Delay    Time   Description
-----------------------------------------------------------------------------
                  0.00    0.00    0.00   clock core_clk (rise edge)
                          0.00    0.00   clock network delay (ideal)
                  0.00    0.00    0.00 ^ usb_core.tx.state[2]$_DFFE_PN0P_/CLK (sky130_fd_sc_hd__dfrtp_1)
     2    0.01    0.08    0.33    0.33 ^ usb_core.tx.state[2]$_DFFE_PN0P_/Q (sky130_fd_sc_hd__dfrtp_1)
                                         usb_core.tx.state[2] (net)
                  0.08    0.00    0.33 ^ _525_/A (sky130_fd_sc_hd__clkbuf_1)
    10    0.02    0.30    0.26    0.59 ^ _525_/X (sky130_fd_sc_hd__clkbuf_1)
                                         _223_ (net)
                  0.30    0.00    0.59 ^ _611_/B (sky130_fd_sc_hd__nand2_1)
     3    0.01    0.08    0.12    0.71 v _611_/Y (sky130_fd_sc_hd__nand2_1)
                                         _260_ (net)
                  0.08    0.00    0.71 v _612_/B (sky130_fd_sc_hd__or2_2)
     2    0.00    0.06    0.29    1.00 v _612_/X (sky130_fd_sc_hd__or2_2)
                                         _261_ (net)
                  0.06    0.00    1.00 v _388_/B1 (sky130_fd_sc_hd__a22oi_1)
     1    0.00    0.18    0.16    1.16 ^ _388_/Y (sky130_fd_sc_hd__a22oi_1)
                                         _341_ (net)
                  0.18    0.00    1.16 ^ _389_/B (sky130_fd_sc_hd__xor2_1)
     2    0.00    0.12    0.17    1.33 ^ _389_/X (sky130_fd_sc_hd__xor2_1)
                                         _342_ (net)
                  0.12    0.00    1.33 ^ _390_/B1 (sky130_fd_sc_hd__o21ai_0)
     1    0.00    0.05    0.07    1.39 v _390_/Y (sky130_fd_sc_hd__o21ai_0)
                                         tx_j (net)
                  0.05    0.00    1.39 v tx_j (out)
                                  1.39   data arrival time

                  0.00   20.83   20.83   clock core_clk (rise edge)
                          0.00   20.83   clock network delay (ideal)
                          0.00   20.83   clock reconvergence pessimism
                         -2.00   18.83   output external delay
                                 18.83   data required time
-----------------------------------------------------------------------------
                                 18.83   data required time
                                 -1.39   data arrival time
-----------------------------------------------------------------------------
                                 17.44   slack (MET)



==========================================================================
floorplan final report_checks -unconstrained
--------------------------------------------------------------------------
Startpoint: rst_n (input port clocked by core_clk)
Endpoint: usb_core.recv.sm.crc16.r[0]$_DFFE_PN1N_
          (recovery check against rising-edge clock core_clk)
Path Group: asynchronous
Path Type: max

Fanout     Cap    Slew   Delay    Time   Description
-----------------------------------------------------------------------------
                  0.00    0.00    0.00   clock core_clk (rise edge)
                          0.00    0.00   clock network delay (ideal)
                          2.00    2.00 ^ input external delay
    65    0.23    0.00    0.00    2.00 ^ rst_n (in)
                                         rst_n (net)
                  0.00    0.00    2.00 ^ _411_/B (sky130_fd_sc_hd__and2_1)
    21    0.07    0.69    0.55    2.55 ^ _411_/X (sky130_fd_sc_hd__and2_1)
                                         usb_core.recv.sm.crc16.rst_n (net)
                  0.69    0.00    2.55 ^ usb_core.recv.sm.crc16.r[0]$_DFFE_PN1N_/SET_B (sky130_fd_sc_hd__dfstp_2)
                                  2.55   data arrival time

                  0.00   20.83   20.83   clock core_clk (rise edge)
                          0.00   20.83   clock network delay (ideal)
                          0.00   20.83   clock reconvergence pessimism
                                 20.83 ^ usb_core.recv.sm.crc16.r[0]$_DFFE_PN1N_/CLK (sky130_fd_sc_hd__dfstp_2)
                          0.08   20.91   library recovery time
                                 20.91   data required time
-----------------------------------------------------------------------------
                                 20.91   data required time
                                 -2.55   data arrival time
-----------------------------------------------------------------------------
                                 18.36   slack (MET)


Startpoint: usb_core.tx.state[2]$_DFFE_PN0P_
            (rising edge-triggered flip-flop clocked by core_clk)
Endpoint: tx_j (output port clocked by core_clk)
Path Group: core_clk
Path Type: max

Fanout     Cap    Slew   Delay    Time   Description
-----------------------------------------------------------------------------
                  0.00    0.00    0.00   clock core_clk (rise edge)
                          0.00    0.00   clock network delay (ideal)
                  0.00    0.00    0.00 ^ usb_core.tx.state[2]$_DFFE_PN0P_/CLK (sky130_fd_sc_hd__dfrtp_1)
     2    0.01    0.08    0.33    0.33 ^ usb_core.tx.state[2]$_DFFE_PN0P_/Q (sky130_fd_sc_hd__dfrtp_1)
                                         usb_core.tx.state[2] (net)
                  0.08    0.00    0.33 ^ _525_/A (sky130_fd_sc_hd__clkbuf_1)
    10    0.02    0.30    0.26    0.59 ^ _525_/X (sky130_fd_sc_hd__clkbuf_1)
                                         _223_ (net)
                  0.30    0.00    0.59 ^ _611_/B (sky130_fd_sc_hd__nand2_1)
     3    0.01    0.08    0.12    0.71 v _611_/Y (sky130_fd_sc_hd__nand2_1)
                                         _260_ (net)
                  0.08    0.00    0.71 v _612_/B (sky130_fd_sc_hd__or2_2)
     2    0.00    0.06    0.29    1.00 v _612_/X (sky130_fd_sc_hd__or2_2)
                                         _261_ (net)
                  0.06    0.00    1.00 v _388_/B1 (sky130_fd_sc_hd__a22oi_1)
     1    0.00    0.18    0.16    1.16 ^ _388_/Y (sky130_fd_sc_hd__a22oi_1)
                                         _341_ (net)
                  0.18    0.00    1.16 ^ _389_/B (sky130_fd_sc_hd__xor2_1)
     2    0.00    0.12    0.17    1.33 ^ _389_/X (sky130_fd_sc_hd__xor2_1)
                                         _342_ (net)
                  0.12    0.00    1.33 ^ _390_/B1 (sky130_fd_sc_hd__o21ai_0)
     1    0.00    0.05    0.07    1.39 v _390_/Y (sky130_fd_sc_hd__o21ai_0)
                                         tx_j (net)
                  0.05    0.00    1.39 v tx_j (out)
                                  1.39   data arrival time

                  0.00   20.83   20.83   clock core_clk (rise edge)
                          0.00   20.83   clock network delay (ideal)
                          0.00   20.83   clock reconvergence pessimism
                         -2.00   18.83   output external delay
                                 18.83   data required time
-----------------------------------------------------------------------------
                                 18.83   data required time
                                 -1.39   data arrival time
-----------------------------------------------------------------------------
                                 17.44   slack (MET)



==========================================================================
floorplan final report_power
--------------------------------------------------------------------------
Group                  Internal  Switching    Leakage      Total
                          Power      Power      Power      Power (Watts)
----------------------------------------------------------------
Sequential             3.52e-04   1.99e-05   1.55e-09   3.72e-04  83.6%
Combinational          4.09e-05   3.23e-05   9.89e-10   7.32e-05  16.4%
Clock                  0.00e+00   0.00e+00   0.00e+00   0.00e+00   0.0%
Macro                  0.00e+00   0.00e+00   0.00e+00   0.00e+00   0.0%
Pad                    0.00e+00   0.00e+00   0.00e+00   0.00e+00   0.0%
----------------------------------------------------------------
Total                  3.93e-04   5.22e-05   2.54e-09   4.45e-04 100.0%
                          88.3%      11.7%       0.0%
