
==========================================================================
global route report_tns
--------------------------------------------------------------------------
tns max 0.00

==========================================================================
global route report_wns
--------------------------------------------------------------------------
wns max 0.00

==========================================================================
global route report_worst_slack
--------------------------------------------------------------------------
worst slack max 16.37

==========================================================================
global route report_clock_min_period
--------------------------------------------------------------------------
core_clk period_min = 4.46 fmax = 224.23

==========================================================================
global route report_clock_skew
--------------------------------------------------------------------------
Clock core_clk
   0.44 source latency usb_core.recv.clk_rcvr.cntr[0]$_DFF_PN0_/CLK ^
  -0.43 target latency usb_core.state[2]$_DFF_PN0_/CLK ^
   0.00 CRPR
--------------
   0.01 setup skew


==========================================================================
global route report_checks -path_delay min
--------------------------------------------------------------------------
Startpoint: usb_core.recv.sm.state[3]$_DFF_PN0_
            (rising edge-triggered flip-flop clocked by core_clk)
Endpoint: usb_core.recv.sm.crc5.r[1]$_DFFE_PN1N_
          (removal check against rising-edge clock core_clk)
Path Group: asynchronous
Path Type: min

Fanout     Cap    Slew   Delay    Time   Description
-----------------------------------------------------------------------------
                          0.00    0.00   clock core_clk (rise edge)
                          0.00    0.00   clock source latency
     1    0.03    0.00    0.00    0.00 ^ clk (in)
                                         clk (net)
                  0.00    0.00    0.00 ^ clkbuf_0_clk/A (sky130_fd_sc_hd__clkbuf_16)
    16    0.20    0.21    0.23    0.23 ^ clkbuf_0_clk/X (sky130_fd_sc_hd__clkbuf_16)
                                         clknet_0_clk (net)
                  0.21    0.01    0.24 ^ clkbuf_4_6_0_clk/A (sky130_fd_sc_hd__clkbuf_16)
     9    0.04    0.06    0.20    0.44 ^ clkbuf_4_6_0_clk/X (sky130_fd_sc_hd__clkbuf_16)
                                         clknet_4_6_0_clk (net)
                  0.06    0.00    0.44 ^ usb_core.recv.sm.state[3]$_DFF_PN0_/CLK (sky130_fd_sc_hd__dfrtp_1)
    19    0.07    0.58    0.72    1.15 ^ usb_core.recv.sm.state[3]$_DFF_PN0_/Q (sky130_fd_sc_hd__dfrtp_1)
                                         usb_core.recv.sm.state[3] (net)
                  0.58    0.00    1.16 ^ _411_/A (sky130_fd_sc_hd__and2_1)
     1    0.01    0.08    0.24    1.39 ^ _411_/X (sky130_fd_sc_hd__and2_1)
                                         usb_core.recv.sm.crc16.rst_n (net)
                  0.08    0.00    1.39 ^ place17/A (sky130_fd_sc_hd__buf_4)
    21    0.11    0.29    0.30    1.69 ^ place17/X (sky130_fd_sc_hd__buf_4)
                                         net16 (net)
                  0.29    0.00    1.69 ^ usb_core.recv.sm.crc5.r[1]$_DFFE_PN1N_/SET_B (sky130_fd_sc_hd__dfstp_2)
                                  1.69   data arrival time

                          0.00    0.00   clock core_clk (rise edge)
                          0.00    0.00   clock source latency
     1    0.03    0.00    0.00    0.00 ^ clk (in)
                                         clk (net)
                  0.00    0.00    0.00 ^ clkbuf_0_clk/A (sky130_fd_sc_hd__clkbuf_16)
    16    0.20    0.21    0.23    0.23 ^ clkbuf_0_clk/X (sky130_fd_sc_hd__clkbuf_16)
                                         clknet_0_clk (net)
                  0.21    0.01    0.24 ^ clkbuf_4_6_0_clk/A (sky130_fd_sc_hd__clkbuf_16)
     9    0.04    0.06    0.20    0.44 ^ clkbuf_4_6_0_clk/X (sky130_fd_sc_hd__clkbuf_16)
                                         clknet_4_6_0_clk (net)
                  0.06    0.00    0.44 ^ usb_core.recv.sm.crc5.r[1]$_DFFE_PN1N_/CLK (sky130_fd_sc_hd__dfstp_2)
                          0.00    0.44   clock reconvergence pessimism
                          0.14    0.58   library removal time
                                  0.58   data required time
-----------------------------------------------------------------------------
                                  0.58   data required time
                                 -1.69   data arrival time
-----------------------------------------------------------------------------
                                  1.11   slack (MET)


Startpoint: usb_core.recv.d_filter.r[0]$_DFF_P_
            (rising edge-triggered flip-flop clocked by core_clk)
Endpoint: usb_core.recv.d_filter.r[1]$_DFF_P_
          (rising edge-triggered flip-flop clocked by core_clk)
Path Group: core_clk
Path Type: min

Fanout     Cap    Slew   Delay    Time   Description
-----------------------------------------------------------------------------
                          0.00    0.00   clock core_clk (rise edge)
                          0.00    0.00   clock source latency
     1    0.03    0.00    0.00    0.00 ^ clk (in)
                                         clk (net)
                  0.00    0.00    0.00 ^ clkbuf_0_clk/A (sky130_fd_sc_hd__clkbuf_16)
    16    0.20    0.21    0.23    0.23 ^ clkbuf_0_clk/X (sky130_fd_sc_hd__clkbuf_16)
                                         clknet_0_clk (net)
                  0.21    0.01    0.24 ^ clkbuf_4_5_0_clk/A (sky130_fd_sc_hd__clkbuf_16)
    10    0.04    0.06    0.20    0.44 ^ clkbuf_4_5_0_clk/X (sky130_fd_sc_hd__clkbuf_16)
                                         clknet_4_5_0_clk (net)
                  0.06    0.00    0.44 ^ usb_core.recv.d_filter.r[0]$_DFF_P_/CLK (sky130_fd_sc_hd__dfxtp_1)
     2    0.01    0.04    0.31    0.75 v usb_core.recv.d_filter.r[0]$_DFF_P_/Q (sky130_fd_sc_hd__dfxtp_1)
                                         usb_core.recv.d_filter.r[0] (net)
                  0.04    0.00    0.75 v usb_core.recv.d_filter.r[1]$_DFF_P_/D (sky130_fd_sc_hd__dfxtp_1)
                                  0.75   data arrival time

                          0.00    0.00   clock core_clk (rise edge)
                          0.00    0.00   clock source latency
     1    0.03    0.00    0.00    0.00 ^ clk (in)
                                         clk (net)
                  0.00    0.00    0.00 ^ clkbuf_0_clk/A (sky130_fd_sc_hd__clkbuf_16)
    16    0.20    0.21    0.23    0.23 ^ clkbuf_0_clk/X (sky130_fd_sc_hd__clkbuf_16)
                                         clknet_0_clk (net)
                  0.21    0.01    0.24 ^ clkbuf_4_7_0_clk/A (sky130_fd_sc_hd__clkbuf_16)
    13    0.05    0.07    0.20    0.44 ^ clkbuf_4_7_0_clk/X (sky130_fd_sc_hd__clkbuf_16)
                                         clknet_4_7_0_clk (net)
                  0.07    0.00    0.44 ^ usb_core.recv.d_filter.r[1]$_DFF_P_/CLK (sky130_fd_sc_hd__dfxtp_1)
                          0.00    0.44   clock reconvergence pessimism
                         -0.05    0.40   library hold time
                                  0.40   data required time
-----------------------------------------------------------------------------
                                  0.40   data required time
                                 -0.75   data arrival time
-----------------------------------------------------------------------------
                                  0.35   slack (MET)



==========================================================================
global route report_checks -path_delay max
--------------------------------------------------------------------------
Startpoint: rst_n (input port clocked by core_clk)
Endpoint: usb_core.tx.tx_crc.r[1]$_DFFE_PN1P_
          (recovery check against rising-edge clock core_clk)
Path Group: asynchronous
Path Type: max

Fanout     Cap    Slew   Delay    Time   Description
-----------------------------------------------------------------------------
                          0.00    0.00   clock core_clk (rise edge)
                          0.00    0.00   clock network delay (propagated)
                          2.00    2.00 ^ input external delay
     1    0.01    0.00    0.00    2.00 ^ rst_n (in)
                                         rst_n (net)
                  0.00    0.00    2.00 ^ input2/A (sky130_fd_sc_hd__buf_2)
    27    0.17    0.80    0.61    2.61 ^ input2/X (sky130_fd_sc_hd__buf_2)
                                         net1 (net)
                  0.81    0.01    2.63 ^ place18/A (sky130_fd_sc_hd__buf_4)
    39    0.21    0.57    0.62    3.25 ^ place18/X (sky130_fd_sc_hd__buf_4)
                                         net17 (net)
                  0.57    0.00    3.25 ^ _412_/A (sky130_fd_sc_hd__and2_1)
    16    0.08    0.79    0.73    3.99 ^ _412_/X (sky130_fd_sc_hd__and2_1)
                                         usb_core.tx.tx_crc.rst_n (net)
                  0.79    0.01    3.99 ^ usb_core.tx.tx_crc.r[1]$_DFFE_PN1P_/SET_B (sky130_fd_sc_hd__dfstp_2)
                                  3.99   data arrival time

                         20.83   20.83   clock core_clk (rise edge)
                          0.00   20.83   clock source latency
     1    0.03    0.00    0.00   20.83 ^ clk (in)
                                         clk (net)
                  0.00    0.00   20.83 ^ clkbuf_0_clk/A (sky130_fd_sc_hd__clkbuf_16)
    16    0.20    0.21    0.23   21.06 ^ clkbuf_0_clk/X (sky130_fd_sc_hd__clkbuf_16)
                                         clknet_0_clk (net)
                  0.21    0.00   21.07 ^ clkbuf_4_8_0_clk/A (sky130_fd_sc_hd__clkbuf_16)
     9    0.04    0.06    0.19   21.26 ^ clkbuf_4_8_0_clk/X (sky130_fd_sc_hd__clkbuf_16)
                                         clknet_4_8_0_clk (net)
                  0.06    0.00   21.26 ^ usb_core.tx.tx_crc.r[1]$_DFFE_PN1P_/CLK (sky130_fd_sc_hd__dfstp_2)
                          0.00   21.26   clock reconvergence pessimism
                          0.10   21.36   library recovery time
                                 21.36   data required time
-----------------------------------------------------------------------------
                                 21.36   data required time
                                 -3.99   data arrival time
-----------------------------------------------------------------------------
                                 17.37   slack (MET)


Startpoint: usb_core.tx.state[2]$_DFFE_PN0P_
            (rising edge-triggered flip-flop clocked by core_clk)
Endpoint: tx_j (output port clocked by core_clk)
Path Group: core_clk
Path Type: max

Fanout     Cap    Slew   Delay    Time   Description
-----------------------------------------------------------------------------
                          0.00    0.00   clock core_clk (rise edge)
                          0.00    0.00   clock source latency
     1    0.03    0.00    0.00    0.00 ^ clk (in)
                                         clk (net)
                  0.00    0.00    0.00 ^ clkbuf_0_clk/A (sky130_fd_sc_hd__clkbuf_16)
    16    0.20    0.21    0.23    0.23 ^ clkbuf_0_clk/X (sky130_fd_sc_hd__clkbuf_16)
                                         clknet_0_clk (net)
                  0.21    0.00    0.24 ^ clkbuf_4_15_0_clk/A (sky130_fd_sc_hd__clkbuf_16)
     7    0.04    0.06    0.19    0.43 ^ clkbuf_4_15_0_clk/X (sky130_fd_sc_hd__clkbuf_16)
                                         clknet_4_15_0_clk (net)
                  0.06    0.00    0.43 ^ usb_core.tx.state[2]$_DFFE_PN0P_/CLK (sky130_fd_sc_hd__dfrtp_1)
    11    0.04    0.35    0.55    0.98 ^ usb_core.tx.state[2]$_DFFE_PN0P_/Q (sky130_fd_sc_hd__dfrtp_1)
                                         usb_core.tx.state[2] (net)
                  0.35    0.00    0.98 ^ _611_/B (sky130_fd_sc_hd__nand2_1)
     3    0.01    0.12    0.16    1.15 v _611_/Y (sky130_fd_sc_hd__nand2_1)
                                         _260_ (net)
                  0.12    0.00    1.15 v _612_/B (sky130_fd_sc_hd__or2_2)
     2    0.01    0.07    0.32    1.47 v _612_/X (sky130_fd_sc_hd__or2_2)
                                         _261_ (net)
                  0.07    0.00    1.47 v _388_/B1 (sky130_fd_sc_hd__a22oi_1)
     1    0.01    0.24    0.22    1.68 ^ _388_/Y (sky130_fd_sc_hd__a22oi_1)
                                         _341_ (net)
                  0.24    0.00    1.68 ^ _389_/B (sky130_fd_sc_hd__xor2_1)
     2    0.01    0.18    0.22    1.91 ^ _389_/X (sky130_fd_sc_hd__xor2_1)
                                         _342_ (net)
                  0.18    0.00    1.91 ^ _390_/B1 (sky130_fd_sc_hd__o21ai_0)
     1    0.00    0.10    0.13    2.03 v _390_/Y (sky130_fd_sc_hd__o21ai_0)
                                         net5 (net)
                  0.10    0.00    2.03 v output6/A (sky130_fd_sc_hd__clkdlybuf4s50_1)
     1    0.00    0.04    0.43    2.46 v output6/X (sky130_fd_sc_hd__clkdlybuf4s50_1)
                                         tx_j (net)
                  0.04    0.00    2.46 v tx_j (out)
                                  2.46   data arrival time

                         20.83   20.83   clock core_clk (rise edge)
                          0.00   20.83   clock network delay (propagated)
                          0.00   20.83   clock reconvergence pessimism
                         -2.00   18.83   output external delay
                                 18.83   data required time
-----------------------------------------------------------------------------
                                 18.83   data required time
                                 -2.46   data arrival time
-----------------------------------------------------------------------------
                                 16.37   slack (MET)



==========================================================================
global route report_checks -unconstrained
--------------------------------------------------------------------------
Startpoint: rst_n (input port clocked by core_clk)
Endpoint: usb_core.tx.tx_crc.r[1]$_DFFE_PN1P_
          (recovery check against rising-edge clock core_clk)
Path Group: asynchronous
Path Type: max

Fanout     Cap    Slew   Delay    Time   Description
-----------------------------------------------------------------------------
                          0.00    0.00   clock core_clk (rise edge)
                          0.00    0.00   clock network delay (propagated)
                          2.00    2.00 ^ input external delay
     1    0.01    0.00    0.00    2.00 ^ rst_n (in)
                                         rst_n (net)
                  0.00    0.00    2.00 ^ input2/A (sky130_fd_sc_hd__buf_2)
    27    0.17    0.80    0.61    2.61 ^ input2/X (sky130_fd_sc_hd__buf_2)
                                         net1 (net)
                  0.81    0.01    2.63 ^ place18/A (sky130_fd_sc_hd__buf_4)
    39    0.21    0.57    0.62    3.25 ^ place18/X (sky130_fd_sc_hd__buf_4)
                                         net17 (net)
                  0.57    0.00    3.25 ^ _412_/A (sky130_fd_sc_hd__and2_1)
    16    0.08    0.79    0.73    3.99 ^ _412_/X (sky130_fd_sc_hd__and2_1)
                                         usb_core.tx.tx_crc.rst_n (net)
                  0.79    0.01    3.99 ^ usb_core.tx.tx_crc.r[1]$_DFFE_PN1P_/SET_B (sky130_fd_sc_hd__dfstp_2)
                                  3.99   data arrival time

                         20.83   20.83   clock core_clk (rise edge)
                          0.00   20.83   clock source latency
     1    0.03    0.00    0.00   20.83 ^ clk (in)
                                         clk (net)
                  0.00    0.00   20.83 ^ clkbuf_0_clk/A (sky130_fd_sc_hd__clkbuf_16)
    16    0.20    0.21    0.23   21.06 ^ clkbuf_0_clk/X (sky130_fd_sc_hd__clkbuf_16)
                                         clknet_0_clk (net)
                  0.21    0.00   21.07 ^ clkbuf_4_8_0_clk/A (sky130_fd_sc_hd__clkbuf_16)
     9    0.04    0.06    0.19   21.26 ^ clkbuf_4_8_0_clk/X (sky130_fd_sc_hd__clkbuf_16)
                                         clknet_4_8_0_clk (net)
                  0.06    0.00   21.26 ^ usb_core.tx.tx_crc.r[1]$_DFFE_PN1P_/CLK (sky130_fd_sc_hd__dfstp_2)
                          0.00   21.26   clock reconvergence pessimism
                          0.10   21.36   library recovery time
                                 21.36   data required time
-----------------------------------------------------------------------------
                                 21.36   data required time
                                 -3.99   data arrival time
-----------------------------------------------------------------------------
                                 17.37   slack (MET)


Startpoint: usb_core.tx.state[2]$_DFFE_PN0P_
            (rising edge-triggered flip-flop clocked by core_clk)
Endpoint: tx_j (output port clocked by core_clk)
Path Group: core_clk
Path Type: max

Fanout     Cap    Slew   Delay    Time   Description
-----------------------------------------------------------------------------
                          0.00    0.00   clock core_clk (rise edge)
                          0.00    0.00   clock source latency
     1    0.03    0.00    0.00    0.00 ^ clk (in)
                                         clk (net)
                  0.00    0.00    0.00 ^ clkbuf_0_clk/A (sky130_fd_sc_hd__clkbuf_16)
    16    0.20    0.21    0.23    0.23 ^ clkbuf_0_clk/X (sky130_fd_sc_hd__clkbuf_16)
                                         clknet_0_clk (net)
                  0.21    0.00    0.24 ^ clkbuf_4_15_0_clk/A (sky130_fd_sc_hd__clkbuf_16)
     7    0.04    0.06    0.19    0.43 ^ clkbuf_4_15_0_clk/X (sky130_fd_sc_hd__clkbuf_16)
                                         clknet_4_15_0_clk (net)
                  0.06    0.00    0.43 ^ usb_core.tx.state[2]$_DFFE_PN0P_/CLK (sky130_fd_sc_hd__dfrtp_1)
    11    0.04    0.35    0.55    0.98 ^ usb_core.tx.state[2]$_DFFE_PN0P_/Q (sky130_fd_sc_hd__dfrtp_1)
                                         usb_core.tx.state[2] (net)
                  0.35    0.00    0.98 ^ _611_/B (sky130_fd_sc_hd__nand2_1)
     3    0.01    0.12    0.16    1.15 v _611_/Y (sky130_fd_sc_hd__nand2_1)
                                         _260_ (net)
                  0.12    0.00    1.15 v _612_/B (sky130_fd_sc_hd__or2_2)
     2    0.01    0.07    0.32    1.47 v _612_/X (sky130_fd_sc_hd__or2_2)
                                         _261_ (net)
                  0.07    0.00    1.47 v _388_/B1 (sky130_fd_sc_hd__a22oi_1)
     1    0.01    0.24    0.22    1.68 ^ _388_/Y (sky130_fd_sc_hd__a22oi_1)
                                         _341_ (net)
                  0.24    0.00    1.68 ^ _389_/B (sky130_fd_sc_hd__xor2_1)
     2    0.01    0.18    0.22    1.91 ^ _389_/X (sky130_fd_sc_hd__xor2_1)
                                         _342_ (net)
                  0.18    0.00    1.91 ^ _390_/B1 (sky130_fd_sc_hd__o21ai_0)
     1    0.00    0.10    0.13    2.03 v _390_/Y (sky130_fd_sc_hd__o21ai_0)
                                         net5 (net)
                  0.10    0.00    2.03 v output6/A (sky130_fd_sc_hd__clkdlybuf4s50_1)
     1    0.00    0.04    0.43    2.46 v output6/X (sky130_fd_sc_hd__clkdlybuf4s50_1)
                                         tx_j (net)
                  0.04    0.00    2.46 v tx_j (out)
                                  2.46   data arrival time

                         20.83   20.83   clock core_clk (rise edge)
                          0.00   20.83   clock network delay (propagated)
                          0.00   20.83   clock reconvergence pessimism
                         -2.00   18.83   output external delay
                                 18.83   data required time
-----------------------------------------------------------------------------
                                 18.83   data required time
                                 -2.46   data arrival time
-----------------------------------------------------------------------------
                                 16.37   slack (MET)



==========================================================================
global route report_check_types -max_slew -max_cap -max_fanout -violators
--------------------------------------------------------------------------

==========================================================================
global route max_slew_check_slack
--------------------------------------------------------------------------
0.6109138131141663

==========================================================================
global route max_slew_check_limit
--------------------------------------------------------------------------
1.4862940311431885

==========================================================================
global route max_slew_check_slack_limit
--------------------------------------------------------------------------
0.4110

==========================================================================
global route max_fanout_check_slack
--------------------------------------------------------------------------
1.0000000150474662e+30

==========================================================================
global route max_fanout_check_limit
--------------------------------------------------------------------------
1.0000000150474662e+30

==========================================================================
global route max_capacitance_check_slack
--------------------------------------------------------------------------
0.012349413707852364

==========================================================================
global route max_capacitance_check_limit
--------------------------------------------------------------------------
0.021067000925540924

==========================================================================
global route max_capacitance_check_slack_limit
--------------------------------------------------------------------------
0.5862

==========================================================================
global route max_slew_violation_count
--------------------------------------------------------------------------
max slew violation count 0

==========================================================================
global route max_fanout_violation_count
--------------------------------------------------------------------------
max fanout violation count 0

==========================================================================
global route max_cap_violation_count
--------------------------------------------------------------------------
max cap violation count 0

==========================================================================
global route setup_violation_count
--------------------------------------------------------------------------
setup violation count 0

==========================================================================
global route hold_violation_count
--------------------------------------------------------------------------
hold violation count 0

==========================================================================
global route report_checks -path_delay max reg to reg
--------------------------------------------------------------------------
Startpoint: usb_core.tx.state[0]$_DFFE_PN0P_
            (rising edge-triggered flip-flop clocked by core_clk)
Endpoint: usb_core.tx.tx_crc.r[1]$_DFFE_PN1P_
          (recovery check against rising-edge clock core_clk)
Path Group: asynchronous
Path Type: max

  Delay    Time   Description
---------------------------------------------------------
   0.00    0.00   clock core_clk (rise edge)
   0.00    0.00   clock source latency
   0.00    0.00 ^ clk (in)
   0.23    0.23 ^ clkbuf_0_clk/X (sky130_fd_sc_hd__clkbuf_16)
   0.20    0.44 ^ clkbuf_4_14_0_clk/X (sky130_fd_sc_hd__clkbuf_16)
   0.00    0.44 ^ usb_core.tx.state[0]$_DFFE_PN0P_/CLK (sky130_fd_sc_hd__dfrtp_1)
   0.54    0.98 ^ usb_core.tx.state[0]$_DFFE_PN0P_/Q (sky130_fd_sc_hd__dfrtp_1)
   0.18    1.16 v _418_/Y (sky130_fd_sc_hd__nor3_2)
   0.25    1.41 ^ _419_/Y (sky130_fd_sc_hd__inv_1)
   0.69    2.09 ^ _412_/X (sky130_fd_sc_hd__and2_1)
   0.01    2.10 ^ usb_core.tx.tx_crc.r[1]$_DFFE_PN1P_/SET_B (sky130_fd_sc_hd__dfstp_2)
           2.10   data arrival time

  20.83   20.83   clock core_clk (rise edge)
   0.00   20.83   clock source latency
   0.00   20.83 ^ clk (in)
   0.23   21.06 ^ clkbuf_0_clk/X (sky130_fd_sc_hd__clkbuf_16)
   0.20   21.26 ^ clkbuf_4_8_0_clk/X (sky130_fd_sc_hd__clkbuf_16)
   0.00   21.26 ^ usb_core.tx.tx_crc.r[1]$_DFFE_PN1P_/CLK (sky130_fd_sc_hd__dfstp_2)
   0.00   21.26   clock reconvergence pessimism
   0.10   21.36   library recovery time
          21.36   data required time
---------------------------------------------------------
          21.36   data required time
          -2.10   data arrival time
---------------------------------------------------------
          19.27   slack (MET)


Startpoint: usb_core.recv.clk_rcvr.cntr[0]$_DFF_PN0_
            (rising edge-triggered flip-flop clocked by core_clk)
Endpoint: usb_core.recv.sm.xdata[2]$_DFFE_PN0P_
          (rising edge-triggered flip-flop clocked by core_clk)
Path Group: core_clk
Path Type: max

  Delay    Time   Description
---------------------------------------------------------
   0.00    0.00   clock core_clk (rise edge)
   0.00    0.00   clock source latency
   0.00    0.00 ^ clk (in)
   0.23    0.23 ^ clkbuf_0_clk/X (sky130_fd_sc_hd__clkbuf_16)
   0.21    0.44 ^ clkbuf_4_7_0_clk/X (sky130_fd_sc_hd__clkbuf_16)
   0.00    0.44 ^ usb_core.recv.clk_rcvr.cntr[0]$_DFF_PN0_/CLK (sky130_fd_sc_hd__dfrtp_1)
   0.39    0.84 v usb_core.recv.clk_rcvr.cntr[0]$_DFF_PN0_/Q (sky130_fd_sc_hd__dfrtp_1)
   0.07    0.91 ^ _556_/Y (sky130_fd_sc_hd__inv_1)
   0.70    1.61 ^ _712_/COUT (sky130_fd_sc_hd__ha_1)
   0.11    1.72 v _460_/Y (sky130_fd_sc_hd__o21ai_2)
   0.28    2.00 v place16/X (sky130_fd_sc_hd__buf_4)
   0.10    2.10 ^ _461_/Y (sky130_fd_sc_hd__inv_1)
   0.40    2.50 ^ place15/X (sky130_fd_sc_hd__buf_4)
   0.58    3.08 v _573_/Y (sky130_fd_sc_hd__nand4b_1)
   0.49    3.57 v _591_/X (sky130_fd_sc_hd__mux2_2)
   0.00    3.57 v usb_core.recv.sm.xdata[2]$_DFFE_PN0P_/D (sky130_fd_sc_hd__dfrtp_1)
           3.57   data arrival time

  20.83   20.83   clock core_clk (rise edge)
   0.00   20.83   clock source latency
   0.00   20.83 ^ clk (in)
   0.23   21.06 ^ clkbuf_0_clk/X (sky130_fd_sc_hd__clkbuf_16)
   0.20   21.26 ^ clkbuf_4_8_0_clk/X (sky130_fd_sc_hd__clkbuf_16)
   0.00   21.26 ^ usb_core.recv.sm.xdata[2]$_DFFE_PN0P_/CLK (sky130_fd_sc_hd__dfrtp_1)
   0.00   21.26   clock reconvergence pessimism
  -0.12   21.15   library setup time
          21.15   data required time
---------------------------------------------------------
          21.15   data required time
          -3.57   data arrival time
---------------------------------------------------------
          17.58   slack (MET)



==========================================================================
global route report_checks -path_delay min reg to reg
--------------------------------------------------------------------------
Startpoint: usb_core.recv.sm.state[3]$_DFF_PN0_
            (rising edge-triggered flip-flop clocked by core_clk)
Endpoint: usb_core.recv.sm.crc5.r[1]$_DFFE_PN1N_
          (removal check against rising-edge clock core_clk)
Path Group: asynchronous
Path Type: min

  Delay    Time   Description
---------------------------------------------------------
   0.00    0.00   clock core_clk (rise edge)
   0.00    0.00   clock source latency
   0.00    0.00 ^ clk (in)
   0.23    0.23 ^ clkbuf_0_clk/X (sky130_fd_sc_hd__clkbuf_16)
   0.20    0.44 ^ clkbuf_4_6_0_clk/X (sky130_fd_sc_hd__clkbuf_16)
   0.00    0.44 ^ usb_core.recv.sm.state[3]$_DFF_PN0_/CLK (sky130_fd_sc_hd__dfrtp_1)
   0.72    1.15 ^ usb_core.recv.sm.state[3]$_DFF_PN0_/Q (sky130_fd_sc_hd__dfrtp_1)
   0.24    1.39 ^ _411_/X (sky130_fd_sc_hd__and2_1)
   0.30    1.69 ^ place17/X (sky130_fd_sc_hd__buf_4)
   0.00    1.69 ^ usb_core.recv.sm.crc5.r[1]$_DFFE_PN1N_/SET_B (sky130_fd_sc_hd__dfstp_2)
           1.69   data arrival time

   0.00    0.00   clock core_clk (rise edge)
   0.00    0.00   clock source latency
   0.00    0.00 ^ clk (in)
   0.23    0.23 ^ clkbuf_0_clk/X (sky130_fd_sc_hd__clkbuf_16)
   0.20    0.44 ^ clkbuf_4_6_0_clk/X (sky130_fd_sc_hd__clkbuf_16)
   0.00    0.44 ^ usb_core.recv.sm.crc5.r[1]$_DFFE_PN1N_/CLK (sky130_fd_sc_hd__dfstp_2)
   0.00    0.44   clock reconvergence pessimism
   0.14    0.58   library removal time
           0.58   data required time
---------------------------------------------------------
           0.58   data required time
          -1.69   data arrival time
---------------------------------------------------------
           1.11   slack (MET)


Startpoint: usb_core.recv.d_filter.r[0]$_DFF_P_
            (rising edge-triggered flip-flop clocked by core_clk)
Endpoint: usb_core.recv.d_filter.r[1]$_DFF_P_
          (rising edge-triggered flip-flop clocked by core_clk)
Path Group: core_clk
Path Type: min

  Delay    Time   Description
---------------------------------------------------------
   0.00    0.00   clock core_clk (rise edge)
   0.00    0.00   clock source latency
   0.00    0.00 ^ clk (in)
   0.23    0.23 ^ clkbuf_0_clk/X (sky130_fd_sc_hd__clkbuf_16)
   0.20    0.44 ^ clkbuf_4_5_0_clk/X (sky130_fd_sc_hd__clkbuf_16)
   0.00    0.44 ^ usb_core.recv.d_filter.r[0]$_DFF_P_/CLK (sky130_fd_sc_hd__dfxtp_1)
   0.31    0.75 v usb_core.recv.d_filter.r[0]$_DFF_P_/Q (sky130_fd_sc_hd__dfxtp_1)
   0.00    0.75 v usb_core.recv.d_filter.r[1]$_DFF_P_/D (sky130_fd_sc_hd__dfxtp_1)
           0.75   data arrival time

   0.00    0.00   clock core_clk (rise edge)
   0.00    0.00   clock source latency
   0.00    0.00 ^ clk (in)
   0.23    0.23 ^ clkbuf_0_clk/X (sky130_fd_sc_hd__clkbuf_16)
   0.21    0.44 ^ clkbuf_4_7_0_clk/X (sky130_fd_sc_hd__clkbuf_16)
   0.00    0.44 ^ usb_core.recv.d_filter.r[1]$_DFF_P_/CLK (sky130_fd_sc_hd__dfxtp_1)
   0.00    0.44   clock reconvergence pessimism
  -0.05    0.40   library hold time
           0.40   data required time
---------------------------------------------------------
           0.40   data required time
          -0.75   data arrival time
---------------------------------------------------------
           0.35   slack (MET)



==========================================================================
global route critical path target clock latency max path
--------------------------------------------------------------------------
0.4340

==========================================================================
global route critical path target clock latency min path
--------------------------------------------------------------------------
0.4406

==========================================================================
global route critical path source clock latency min path
--------------------------------------------------------------------------
0.0000

==========================================================================
global route critical path delay
--------------------------------------------------------------------------
2.4597

==========================================================================
global route critical path slack
--------------------------------------------------------------------------
16.3703

==========================================================================
global route slack div critical path delay
--------------------------------------------------------------------------
665.540513

==========================================================================
global route report_power
--------------------------------------------------------------------------
Group                  Internal  Switching    Leakage      Total
                          Power      Power      Power      Power (Watts)
----------------------------------------------------------------
Sequential             3.47e-04   3.46e-05   1.55e-09   3.82e-04  45.0%
Combinational          4.20e-05   6.21e-05   1.01e-09   1.04e-04  12.3%
Clock                  2.28e-04   1.34e-04   3.24e-10   3.62e-04  42.7%
Macro                  0.00e+00   0.00e+00   0.00e+00   0.00e+00   0.0%
Pad                    0.00e+00   0.00e+00   0.00e+00   0.00e+00   0.0%
----------------------------------------------------------------
Total                  6.17e-04   2.31e-04   2.89e-09   8.48e-04 100.0%
                          72.8%      27.2%       0.0%
