
==========================================================================
finish report_tns
--------------------------------------------------------------------------
tns max 0.00

==========================================================================
finish report_wns
--------------------------------------------------------------------------
wns max 0.00

==========================================================================
finish report_worst_slack
--------------------------------------------------------------------------
worst slack max 16.53

==========================================================================
finish report_clock_min_period
--------------------------------------------------------------------------
core_clk period_min = 4.30 fmax = 232.82

==========================================================================
finish report_clock_skew
--------------------------------------------------------------------------
Clock core_clk
   0.41 source latency usb_core.recv.sm.xpid[0]$_DFFE_PN0P_/CLK ^
  -0.40 target latency usb_core.token_timeout[4]$_DFF_PN0_/CLK ^
   0.00 CRPR
--------------
   0.01 setup skew


==========================================================================
finish report_checks -path_delay min
--------------------------------------------------------------------------
Startpoint: usb_core.recv.sm.state[3]$_DFF_PN0_
            (rising edge-triggered flip-flop clocked by core_clk)
Endpoint: usb_core.recv.sm.crc5.r[1]$_DFFE_PN1N_
          (removal check against rising-edge clock core_clk)
Path Group: asynchronous
Path Type: min

Fanout     Cap    Slew   Delay    Time   Description
-----------------------------------------------------------------------------
                          0.00    0.00   clock core_clk (rise edge)
                          0.00    0.00   clock source latency
     1    0.02    0.00    0.00    0.00 ^ clk (in)
                                         clk (net)
                  0.00    0.00    0.00 ^ clkbuf_0_clk/A (sky130_fd_sc_hd__clkbuf_16)
    16    0.17    0.18    0.22    0.22 ^ clkbuf_0_clk/X (sky130_fd_sc_hd__clkbuf_16)
                                         clknet_0_clk (net)
                  0.18    0.01    0.22 ^ clkbuf_4_6_0_clk/A (sky130_fd_sc_hd__clkbuf_16)
     9    0.04    0.06    0.19    0.41 ^ clkbuf_4_6_0_clk/X (sky130_fd_sc_hd__clkbuf_16)
                                         clknet_4_6_0_clk (net)
                  0.06    0.00    0.41 ^ usb_core.recv.sm.state[3]$_DFF_PN0_/CLK (sky130_fd_sc_hd__dfrtp_1)
    19    0.06    0.54    0.68    1.09 ^ usb_core.recv.sm.state[3]$_DFF_PN0_/Q (sky130_fd_sc_hd__dfrtp_1)
                                         usb_core.recv.sm.state[3] (net)
                  0.54    0.00    1.09 ^ _411_/A (sky130_fd_sc_hd__and2_1)
     1    0.00    0.06    0.21    1.30 ^ _411_/X (sky130_fd_sc_hd__and2_1)
                                         usb_core.recv.sm.crc16.rst_n (net)
                  0.06    0.00    1.30 ^ place17/A (sky130_fd_sc_hd__buf_4)
    21    0.09    0.25    0.27    1.57 ^ place17/X (sky130_fd_sc_hd__buf_4)
                                         net16 (net)
                  0.25    0.00    1.57 ^ usb_core.recv.sm.crc5.r[1]$_DFFE_PN1N_/SET_B (sky130_fd_sc_hd__dfstp_2)
                                  1.57   data arrival time

                          0.00    0.00   clock core_clk (rise edge)
                          0.00    0.00   clock source latency
     1    0.02    0.00    0.00    0.00 ^ clk (in)
                                         clk (net)
                  0.00    0.00    0.00 ^ clkbuf_0_clk/A (sky130_fd_sc_hd__clkbuf_16)
    16    0.17    0.18    0.22    0.22 ^ clkbuf_0_clk/X (sky130_fd_sc_hd__clkbuf_16)
                                         clknet_0_clk (net)
                  0.18    0.01    0.22 ^ clkbuf_4_6_0_clk/A (sky130_fd_sc_hd__clkbuf_16)
     9    0.04    0.06    0.19    0.41 ^ clkbuf_4_6_0_clk/X (sky130_fd_sc_hd__clkbuf_16)
                                         clknet_4_6_0_clk (net)
                  0.06    0.00    0.41 ^ usb_core.recv.sm.crc5.r[1]$_DFFE_PN1N_/CLK (sky130_fd_sc_hd__dfstp_2)
                          0.00    0.41   clock reconvergence pessimism
                          0.14    0.55   library removal time
                                  0.55   data required time
-----------------------------------------------------------------------------
                                  0.55   data required time
                                 -1.57   data arrival time
-----------------------------------------------------------------------------
                                  1.02   slack (MET)


Startpoint: usb_core.recv.d_filter.r[0]$_DFF_P_
            (rising edge-triggered flip-flop clocked by core_clk)
Endpoint: usb_core.recv.d_filter.r[1]$_DFF_P_
          (rising edge-triggered flip-flop clocked by core_clk)
Path Group: core_clk
Path Type: min

Fanout     Cap    Slew   Delay    Time   Description
-----------------------------------------------------------------------------
                          0.00    0.00   clock core_clk (rise edge)
                          0.00    0.00   clock source latency
     1    0.02    0.00    0.00    0.00 ^ clk (in)
                                         clk (net)
                  0.00    0.00    0.00 ^ clkbuf_0_clk/A (sky130_fd_sc_hd__clkbuf_16)
    16    0.17    0.18    0.22    0.22 ^ clkbuf_0_clk/X (sky130_fd_sc_hd__clkbuf_16)
                                         clknet_0_clk (net)
                  0.18    0.01    0.22 ^ clkbuf_4_5_0_clk/A (sky130_fd_sc_hd__clkbuf_16)
    10    0.03    0.05    0.18    0.40 ^ clkbuf_4_5_0_clk/X (sky130_fd_sc_hd__clkbuf_16)
                                         clknet_4_5_0_clk (net)
                  0.05    0.00    0.41 ^ usb_core.recv.d_filter.r[0]$_DFF_P_/CLK (sky130_fd_sc_hd__dfxtp_1)
     2    0.01    0.04    0.30    0.71 v usb_core.recv.d_filter.r[0]$_DFF_P_/Q (sky130_fd_sc_hd__dfxtp_1)
                                         usb_core.recv.d_filter.r[0] (net)
                  0.04    0.00    0.71 v usb_core.recv.d_filter.r[1]$_DFF_P_/D (sky130_fd_sc_hd__dfxtp_1)
                                  0.71   data arrival time

                          0.00    0.00   clock core_clk (rise edge)
                          0.00    0.00   clock source latency
     1    0.02    0.00    0.00    0.00 ^ clk (in)
                                         clk (net)
                  0.00    0.00    0.00 ^ clkbuf_0_clk/A (sky130_fd_sc_hd__clkbuf_16)
    16    0.17    0.18    0.22    0.22 ^ clkbuf_0_clk/X (sky130_fd_sc_hd__clkbuf_16)
                                         clknet_0_clk (net)
                  0.18    0.01    0.22 ^ clkbuf_4_7_0_clk/A (sky130_fd_sc_hd__clkbuf_16)
    13    0.04    0.06    0.18    0.41 ^ clkbuf_4_7_0_clk/X (sky130_fd_sc_hd__clkbuf_16)
                                         clknet_4_7_0_clk (net)
                  0.06    0.00    0.41 ^ usb_core.recv.d_filter.r[1]$_DFF_P_/CLK (sky130_fd_sc_hd__dfxtp_1)
                          0.00    0.41   clock reconvergence pessimism
                         -0.05    0.36   library hold time
                                  0.36   data required time
-----------------------------------------------------------------------------
                                  0.36   data required time
                                 -0.71   data arrival time
-----------------------------------------------------------------------------
                                  0.35   slack (MET)



==========================================================================
finish report_checks -path_delay max
--------------------------------------------------------------------------
Startpoint: rst_n (input port clocked by core_clk)
Endpoint: usb_core.tx.tx_crc.r[1]$_DFFE_PN1P_
          (recovery check against rising-edge clock core_clk)
Path Group: asynchronous
Path Type: max

Fanout     Cap    Slew   Delay    Time   Description
-----------------------------------------------------------------------------
                          0.00    0.00   clock core_clk (rise edge)
                          0.00    0.00   clock network delay (propagated)
                          2.00    2.00 ^ input external delay
     1    0.00    0.00    0.00    2.00 ^ rst_n (in)
                                         rst_n (net)
                  0.00    0.00    2.00 ^ input2/A (sky130_fd_sc_hd__buf_2)
    27    0.13    0.64    0.50    2.50 ^ input2/X (sky130_fd_sc_hd__buf_2)
                                         net1 (net)
                  0.64    0.02    2.51 ^ place18/A (sky130_fd_sc_hd__buf_4)
    39    0.17    0.47    0.54    3.05 ^ place18/X (sky130_fd_sc_hd__buf_4)
                                         net17 (net)
                  0.47    0.00    3.06 ^ _412_/A (sky130_fd_sc_hd__and2_1)
    16    0.07    0.68    0.65    3.70 ^ _412_/X (sky130_fd_sc_hd__and2_1)
                                         usb_core.tx.tx_crc.rst_n (net)
                  0.68    0.01    3.71 ^ usb_core.tx.tx_crc.r[1]$_DFFE_PN1P_/SET_B (sky130_fd_sc_hd__dfstp_2)
                                  3.71   data arrival time

                         20.83   20.83   clock core_clk (rise edge)
                          0.00   20.83   clock source latency
     1    0.02    0.00    0.00   20.83 ^ clk (in)
                                         clk (net)
                  0.00    0.00   20.83 ^ clkbuf_0_clk/A (sky130_fd_sc_hd__clkbuf_16)
    16    0.17    0.18    0.22   21.05 ^ clkbuf_0_clk/X (sky130_fd_sc_hd__clkbuf_16)
                                         clknet_0_clk (net)
                  0.18    0.00   21.05 ^ clkbuf_4_8_0_clk/A (sky130_fd_sc_hd__clkbuf_16)
     9    0.03    0.05    0.18   21.23 ^ clkbuf_4_8_0_clk/X (sky130_fd_sc_hd__clkbuf_16)
                                         clknet_4_8_0_clk (net)
                  0.05    0.00   21.23 ^ usb_core.tx.tx_crc.r[1]$_DFFE_PN1P_/CLK (sky130_fd_sc_hd__dfstp_2)
                          0.00   21.23   clock reconvergence pessimism
                          0.10   21.33   library recovery time
                                 21.33   data required time
-----------------------------------------------------------------------------
                                 21.33   data required time
                                 -3.71   data arrival time
-----------------------------------------------------------------------------
                                 17.62   slack (MET)


Startpoint: usb_core.tx.state[2]$_DFFE_PN0P_
            (rising edge-triggered flip-flop clocked by core_clk)
Endpoint: tx_j (output port clocked by core_clk)
Path Group: core_clk
Path Type: max

Fanout     Cap    Slew   Delay    Time   Description
-----------------------------------------------------------------------------
                          0.00    0.00   clock core_clk (rise edge)
                          0.00    0.00   clock source latency
     1    0.02    0.00    0.00    0.00 ^ clk (in)
                                         clk (net)
                  0.00    0.00    0.00 ^ clkbuf_0_clk/A (sky130_fd_sc_hd__clkbuf_16)
    16    0.17    0.18    0.22    0.22 ^ clkbuf_0_clk/X (sky130_fd_sc_hd__clkbuf_16)
                                         clknet_0_clk (net)
                  0.18    0.01    0.22 ^ clkbuf_4_15_0_clk/A (sky130_fd_sc_hd__clkbuf_16)
     7    0.03    0.06    0.18    0.40 ^ clkbuf_4_15_0_clk/X (sky130_fd_sc_hd__clkbuf_16)
                                         clknet_4_15_0_clk (net)
                  0.06    0.00    0.41 ^ usb_core.tx.state[2]$_DFFE_PN0P_/CLK (sky130_fd_sc_hd__dfrtp_1)
    11    0.04    0.34    0.54    0.94 ^ usb_core.tx.state[2]$_DFFE_PN0P_/Q (sky130_fd_sc_hd__dfrtp_1)
                                         usb_core.tx.state[2] (net)
                  0.34    0.00    0.95 ^ _611_/B (sky130_fd_sc_hd__nand2_1)
     3    0.01    0.10    0.14    1.08 v _611_/Y (sky130_fd_sc_hd__nand2_1)
                                         _260_ (net)
                  0.10    0.00    1.08 v _612_/B (sky130_fd_sc_hd__or2_2)
     2    0.01    0.07    0.31    1.39 v _612_/X (sky130_fd_sc_hd__or2_2)
                                         _261_ (net)
                  0.07    0.00    1.39 v _388_/B1 (sky130_fd_sc_hd__a22oi_1)
     1    0.01    0.20    0.18    1.57 ^ _388_/Y (sky130_fd_sc_hd__a22oi_1)
                                         _341_ (net)
                  0.20    0.00    1.57 ^ _389_/B (sky130_fd_sc_hd__xor2_1)
     2    0.01    0.16    0.20    1.77 ^ _389_/X (sky130_fd_sc_hd__xor2_1)
                                         _342_ (net)
                  0.16    0.00    1.77 ^ _390_/B1 (sky130_fd_sc_hd__o21ai_0)
     1    0.00    0.08    0.11    1.88 v _390_/Y (sky130_fd_sc_hd__o21ai_0)
                                         net5 (net)
                  0.08    0.00    1.88 v output6/A (sky130_fd_sc_hd__clkdlybuf4s50_1)
     1    0.00    0.04    0.41    2.30 v output6/X (sky130_fd_sc_hd__clkdlybuf4s50_1)
                                         tx_j (net)
                  0.04    0.00    2.30 v tx_j (out)
                                  2.30   data arrival time

                         20.83   20.83   clock core_clk (rise edge)
                          0.00   20.83   clock network delay (propagated)
                          0.00   20.83   clock reconvergence pessimism
                         -2.00   18.83   output external delay
                                 18.83   data required time
-----------------------------------------------------------------------------
                                 18.83   data required time
                                 -2.30   data arrival time
-----------------------------------------------------------------------------
                                 16.53   slack (MET)



==========================================================================
finish report_checks -unconstrained
--------------------------------------------------------------------------
Startpoint: rst_n (input port clocked by core_clk)
Endpoint: usb_core.tx.tx_crc.r[1]$_DFFE_PN1P_
          (recovery check against rising-edge clock core_clk)
Path Group: asynchronous
Path Type: max

Fanout     Cap    Slew   Delay    Time   Description
-----------------------------------------------------------------------------
                          0.00    0.00   clock core_clk (rise edge)
                          0.00    0.00   clock network delay (propagated)
                          2.00    2.00 ^ input external delay
     1    0.00    0.00    0.00    2.00 ^ rst_n (in)
                                         rst_n (net)
                  0.00    0.00    2.00 ^ input2/A (sky130_fd_sc_hd__buf_2)
    27    0.13    0.64    0.50    2.50 ^ input2/X (sky130_fd_sc_hd__buf_2)
                                         net1 (net)
                  0.64    0.02    2.51 ^ place18/A (sky130_fd_sc_hd__buf_4)
    39    0.17    0.47    0.54    3.05 ^ place18/X (sky130_fd_sc_hd__buf_4)
                                         net17 (net)
                  0.47    0.00    3.06 ^ _412_/A (sky130_fd_sc_hd__and2_1)
    16    0.07    0.68    0.65    3.70 ^ _412_/X (sky130_fd_sc_hd__and2_1)
                                         usb_core.tx.tx_crc.rst_n (net)
                  0.68    0.01    3.71 ^ usb_core.tx.tx_crc.r[1]$_DFFE_PN1P_/SET_B (sky130_fd_sc_hd__dfstp_2)
                                  3.71   data arrival time

                         20.83   20.83   clock core_clk (rise edge)
                          0.00   20.83   clock source latency
     1    0.02    0.00    0.00   20.83 ^ clk (in)
                                         clk (net)
                  0.00    0.00   20.83 ^ clkbuf_0_clk/A (sky130_fd_sc_hd__clkbuf_16)
    16    0.17    0.18    0.22   21.05 ^ clkbuf_0_clk/X (sky130_fd_sc_hd__clkbuf_16)
                                         clknet_0_clk (net)
                  0.18    0.00   21.05 ^ clkbuf_4_8_0_clk/A (sky130_fd_sc_hd__clkbuf_16)
     9    0.03    0.05    0.18   21.23 ^ clkbuf_4_8_0_clk/X (sky130_fd_sc_hd__clkbuf_16)
                                         clknet_4_8_0_clk (net)
                  0.05    0.00   21.23 ^ usb_core.tx.tx_crc.r[1]$_DFFE_PN1P_/CLK (sky130_fd_sc_hd__dfstp_2)
                          0.00   21.23   clock reconvergence pessimism
                          0.10   21.33   library recovery time
                                 21.33   data required time
-----------------------------------------------------------------------------
                                 21.33   data required time
                                 -3.71   data arrival time
-----------------------------------------------------------------------------
                                 17.62   slack (MET)


Startpoint: usb_core.tx.state[2]$_DFFE_PN0P_
            (rising edge-triggered flip-flop clocked by core_clk)
Endpoint: tx_j (output port clocked by core_clk)
Path Group: core_clk
Path Type: max

Fanout     Cap    Slew   Delay    Time   Description
-----------------------------------------------------------------------------
                          0.00    0.00   clock core_clk (rise edge)
                          0.00    0.00   clock source latency
     1    0.02    0.00    0.00    0.00 ^ clk (in)
                                         clk (net)
                  0.00    0.00    0.00 ^ clkbuf_0_clk/A (sky130_fd_sc_hd__clkbuf_16)
    16    0.17    0.18    0.22    0.22 ^ clkbuf_0_clk/X (sky130_fd_sc_hd__clkbuf_16)
                                         clknet_0_clk (net)
                  0.18    0.01    0.22 ^ clkbuf_4_15_0_clk/A (sky130_fd_sc_hd__clkbuf_16)
     7    0.03    0.06    0.18    0.40 ^ clkbuf_4_15_0_clk/X (sky130_fd_sc_hd__clkbuf_16)
                                         clknet_4_15_0_clk (net)
                  0.06    0.00    0.41 ^ usb_core.tx.state[2]$_DFFE_PN0P_/CLK (sky130_fd_sc_hd__dfrtp_1)
    11    0.04    0.34    0.54    0.94 ^ usb_core.tx.state[2]$_DFFE_PN0P_/Q (sky130_fd_sc_hd__dfrtp_1)
                                         usb_core.tx.state[2] (net)
                  0.34    0.00    0.95 ^ _611_/B (sky130_fd_sc_hd__nand2_1)
     3    0.01    0.10    0.14    1.08 v _611_/Y (sky130_fd_sc_hd__nand2_1)
                                         _260_ (net)
                  0.10    0.00    1.08 v _612_/B (sky130_fd_sc_hd__or2_2)
     2    0.01    0.07    0.31    1.39 v _612_/X (sky130_fd_sc_hd__or2_2)
                                         _261_ (net)
                  0.07    0.00    1.39 v _388_/B1 (sky130_fd_sc_hd__a22oi_1)
     1    0.01    0.20    0.18    1.57 ^ _388_/Y (sky130_fd_sc_hd__a22oi_1)
                                         _341_ (net)
                  0.20    0.00    1.57 ^ _389_/B (sky130_fd_sc_hd__xor2_1)
     2    0.01    0.16    0.20    1.77 ^ _389_/X (sky130_fd_sc_hd__xor2_1)
                                         _342_ (net)
                  0.16    0.00    1.77 ^ _390_/B1 (sky130_fd_sc_hd__o21ai_0)
     1    0.00    0.08    0.11    1.88 v _390_/Y (sky130_fd_sc_hd__o21ai_0)
                                         net5 (net)
                  0.08    0.00    1.88 v output6/A (sky130_fd_sc_hd__clkdlybuf4s50_1)
     1    0.00    0.04    0.41    2.30 v output6/X (sky130_fd_sc_hd__clkdlybuf4s50_1)
                                         tx_j (net)
                  0.04    0.00    2.30 v tx_j (out)
                                  2.30   data arrival time

                         20.83   20.83   clock core_clk (rise edge)
                          0.00   20.83   clock network delay (propagated)
                          0.00   20.83   clock reconvergence pessimism
                         -2.00   18.83   output external delay
                                 18.83   data required time
-----------------------------------------------------------------------------
                                 18.83   data required time
                                 -2.30   data arrival time
-----------------------------------------------------------------------------
                                 16.53   slack (MET)



==========================================================================
finish report_check_types -max_slew -max_cap -max_fanout -violators
--------------------------------------------------------------------------

==========================================================================
finish max_slew_check_slack
--------------------------------------------------------------------------
0.6911419630050659

==========================================================================
finish max_slew_check_limit
--------------------------------------------------------------------------
1.4862940311431885

==========================================================================
finish max_slew_check_slack_limit
--------------------------------------------------------------------------
0.4650

==========================================================================
finish max_fanout_check_slack
--------------------------------------------------------------------------
1.0000000150474662e+30

==========================================================================
finish max_fanout_check_limit
--------------------------------------------------------------------------
1.0000000150474662e+30

==========================================================================
finish max_capacitance_check_slack
--------------------------------------------------------------------------
0.01303087081760168

==========================================================================
finish max_capacitance_check_limit
--------------------------------------------------------------------------
0.021067000925540924

==========================================================================
finish max_capacitance_check_slack_limit
--------------------------------------------------------------------------
0.6185

==========================================================================
finish max_slew_violation_count
--------------------------------------------------------------------------
max slew violation count 0

==========================================================================
finish max_fanout_violation_count
--------------------------------------------------------------------------
max fanout violation count 0

==========================================================================
finish max_cap_violation_count
--------------------------------------------------------------------------
max cap violation count 0

==========================================================================
finish setup_violation_count
--------------------------------------------------------------------------
setup violation count 0

==========================================================================
finish hold_violation_count
--------------------------------------------------------------------------
hold violation count 0

==========================================================================
finish report_checks -path_delay max reg to reg
--------------------------------------------------------------------------
Startpoint: usb_core.tx.state[2]$_DFFE_PN0P_
            (rising edge-triggered flip-flop clocked by core_clk)
Endpoint: usb_core.tx.tx_crc.r[1]$_DFFE_PN1P_
          (recovery check against rising-edge clock core_clk)
Path Group: asynchronous
Path Type: max

  Delay    Time   Description
---------------------------------------------------------
   0.00    0.00   clock core_clk (rise edge)
   0.00    0.00   clock source latency
   0.00    0.00 ^ clk (in)
   0.22    0.22 ^ clkbuf_0_clk/X (sky130_fd_sc_hd__clkbuf_16)
   0.19    0.40 ^ clkbuf_4_15_0_clk/X (sky130_fd_sc_hd__clkbuf_16)
   0.00    0.41 ^ usb_core.tx.state[2]$_DFFE_PN0P_/CLK (sky130_fd_sc_hd__dfrtp_1)
   0.54    0.94 ^ usb_core.tx.state[2]$_DFFE_PN0P_/Q (sky130_fd_sc_hd__dfrtp_1)
   0.15    1.10 v _418_/Y (sky130_fd_sc_hd__nor3_2)
   0.22    1.32 ^ _419_/Y (sky130_fd_sc_hd__inv_1)
   0.61    1.92 ^ _412_/X (sky130_fd_sc_hd__and2_1)
   0.01    1.93 ^ usb_core.tx.tx_crc.r[1]$_DFFE_PN1P_/SET_B (sky130_fd_sc_hd__dfstp_2)
           1.93   data arrival time

  20.83   20.83   clock core_clk (rise edge)
   0.00   20.83   clock source latency
   0.00   20.83 ^ clk (in)
   0.22   21.05 ^ clkbuf_0_clk/X (sky130_fd_sc_hd__clkbuf_16)
   0.19   21.23 ^ clkbuf_4_8_0_clk/X (sky130_fd_sc_hd__clkbuf_16)
   0.00   21.23 ^ usb_core.tx.tx_crc.r[1]$_DFFE_PN1P_/CLK (sky130_fd_sc_hd__dfstp_2)
   0.00   21.23   clock reconvergence pessimism
   0.10   21.33   library recovery time
          21.33   data required time
---------------------------------------------------------
          21.33   data required time
          -1.93   data arrival time
---------------------------------------------------------
          19.40   slack (MET)


Startpoint: usb_core.recv.clk_rcvr.cntr[0]$_DFF_PN0_
            (rising edge-triggered flip-flop clocked by core_clk)
Endpoint: usb_core.recv.sm.xdata[2]$_DFFE_PN0P_
          (rising edge-triggered flip-flop clocked by core_clk)
Path Group: core_clk
Path Type: max

  Delay    Time   Description
---------------------------------------------------------
   0.00    0.00   clock core_clk (rise edge)
   0.00    0.00   clock source latency
   0.00    0.00 ^ clk (in)
   0.22    0.22 ^ clkbuf_0_clk/X (sky130_fd_sc_hd__clkbuf_16)
   0.19    0.41 ^ clkbuf_4_7_0_clk/X (sky130_fd_sc_hd__clkbuf_16)
   0.00    0.41 ^ usb_core.recv.clk_rcvr.cntr[0]$_DFF_PN0_/CLK (sky130_fd_sc_hd__dfrtp_1)
   0.38    0.78 v usb_core.recv.clk_rcvr.cntr[0]$_DFF_PN0_/Q (sky130_fd_sc_hd__dfrtp_1)
   0.06    0.84 ^ _556_/Y (sky130_fd_sc_hd__inv_1)
   0.60    1.45 ^ _712_/COUT (sky130_fd_sc_hd__ha_1)
   0.11    1.56 v _460_/Y (sky130_fd_sc_hd__o21ai_2)
   0.26    1.82 v place16/X (sky130_fd_sc_hd__buf_4)
   0.08    1.90 ^ _461_/Y (sky130_fd_sc_hd__inv_1)
   0.36    2.26 ^ place15/X (sky130_fd_sc_hd__buf_4)
   0.52    2.78 v _573_/Y (sky130_fd_sc_hd__nand4b_1)
   0.45    3.24 v _591_/X (sky130_fd_sc_hd__mux2_2)
   0.00    3.24 v usb_core.recv.sm.xdata[2]$_DFFE_PN0P_/D (sky130_fd_sc_hd__dfrtp_1)
           3.24   data arrival time

  20.83   20.83   clock core_clk (rise edge)
   0.00   20.83   clock source latency
   0.00   20.83 ^ clk (in)
   0.22   21.05 ^ clkbuf_0_clk/X (sky130_fd_sc_hd__clkbuf_16)
   0.19   21.23 ^ clkbuf_4_8_0_clk/X (sky130_fd_sc_hd__clkbuf_16)
   0.00   21.23 ^ usb_core.recv.sm.xdata[2]$_DFFE_PN0P_/CLK (sky130_fd_sc_hd__dfrtp_1)
   0.00   21.23   clock reconvergence pessimism
  -0.11   21.12   library setup time
          21.12   data required time
---------------------------------------------------------
          21.12   data required time
          -3.24   data arrival time
---------------------------------------------------------
          17.88   slack (MET)



==========================================================================
finish report_checks -path_delay min reg to reg
--------------------------------------------------------------------------
Startpoint: usb_core.recv.sm.state[3]$_DFF_PN0_
            (rising edge-triggered flip-flop clocked by core_clk)
Endpoint: usb_core.recv.sm.crc5.r[1]$_DFFE_PN1N_
          (removal check against rising-edge clock core_clk)
Path Group: asynchronous
Path Type: min

  Delay    Time   Description
---------------------------------------------------------
   0.00    0.00   clock core_clk (rise edge)
   0.00    0.00   clock source latency
   0.00    0.00 ^ clk (in)
   0.22    0.22 ^ clkbuf_0_clk/X (sky130_fd_sc_hd__clkbuf_16)
   0.19    0.41 ^ clkbuf_4_6_0_clk/X (sky130_fd_sc_hd__clkbuf_16)
   0.00    0.41 ^ usb_core.recv.sm.state[3]$_DFF_PN0_/CLK (sky130_fd_sc_hd__dfrtp_1)
   0.68    1.09 ^ usb_core.recv.sm.state[3]$_DFF_PN0_/Q (sky130_fd_sc_hd__dfrtp_1)
   0.21    1.30 ^ _411_/X (sky130_fd_sc_hd__and2_1)
   0.27    1.57 ^ place17/X (sky130_fd_sc_hd__buf_4)
   0.00    1.57 ^ usb_core.recv.sm.crc5.r[1]$_DFFE_PN1N_/SET_B (sky130_fd_sc_hd__dfstp_2)
           1.57   data arrival time

   0.00    0.00   clock core_clk (rise edge)
   0.00    0.00   clock source latency
   0.00    0.00 ^ clk (in)
   0.22    0.22 ^ clkbuf_0_clk/X (sky130_fd_sc_hd__clkbuf_16)
   0.19    0.41 ^ clkbuf_4_6_0_clk/X (sky130_fd_sc_hd__clkbuf_16)
   0.00    0.41 ^ usb_core.recv.sm.crc5.r[1]$_DFFE_PN1N_/CLK (sky130_fd_sc_hd__dfstp_2)
   0.00    0.41   clock reconvergence pessimism
   0.14    0.55   library removal time
           0.55   data required time
---------------------------------------------------------
           0.55   data required time
          -1.57   data arrival time
---------------------------------------------------------
           1.02   slack (MET)


Startpoint: usb_core.recv.d_filter.r[0]$_DFF_P_
            (rising edge-triggered flip-flop clocked by core_clk)
Endpoint: usb_core.recv.d_filter.r[1]$_DFF_P_
          (rising edge-triggered flip-flop clocked by core_clk)
Path Group: core_clk
Path Type: min

  Delay    Time   Description
---------------------------------------------------------
   0.00    0.00   clock core_clk (rise edge)
   0.00    0.00   clock source latency
   0.00    0.00 ^ clk (in)
   0.22    0.22 ^ clkbuf_0_clk/X (sky130_fd_sc_hd__clkbuf_16)
   0.19    0.40 ^ clkbuf_4_5_0_clk/X (sky130_fd_sc_hd__clkbuf_16)
   0.00    0.41 ^ usb_core.recv.d_filter.r[0]$_DFF_P_/CLK (sky130_fd_sc_hd__dfxtp_1)
   0.30    0.71 v usb_core.recv.d_filter.r[0]$_DFF_P_/Q (sky130_fd_sc_hd__dfxtp_1)
   0.00    0.71 v usb_core.recv.d_filter.r[1]$_DFF_P_/D (sky130_fd_sc_hd__dfxtp_1)
           0.71   data arrival time

   0.00    0.00   clock core_clk (rise edge)
   0.00    0.00   clock source latency
   0.00    0.00 ^ clk (in)
   0.22    0.22 ^ clkbuf_0_clk/X (sky130_fd_sc_hd__clkbuf_16)
   0.19    0.41 ^ clkbuf_4_7_0_clk/X (sky130_fd_sc_hd__clkbuf_16)
   0.00    0.41 ^ usb_core.recv.d_filter.r[1]$_DFF_P_/CLK (sky130_fd_sc_hd__dfxtp_1)
   0.00    0.41   clock reconvergence pessimism
  -0.05    0.36   library hold time
           0.36   data required time
---------------------------------------------------------
           0.36   data required time
          -0.71   data arrival time
---------------------------------------------------------
           0.35   slack (MET)



==========================================================================
finish critical path target clock latency max path
--------------------------------------------------------------------------
0.4022

==========================================================================
finish critical path target clock latency min path
--------------------------------------------------------------------------
0.4075

==========================================================================
finish critical path source clock latency min path
--------------------------------------------------------------------------
0.0000

==========================================================================
finish critical path delay
--------------------------------------------------------------------------
2.2952

==========================================================================
finish critical path slack
--------------------------------------------------------------------------
16.5348

==========================================================================
finish slack div critical path delay
--------------------------------------------------------------------------
720.407808

==========================================================================
finish report_power
--------------------------------------------------------------------------
Group                  Internal  Switching    Leakage      Total
                          Power      Power      Power      Power (Watts)
----------------------------------------------------------------
Sequential             3.47e-04   2.82e-05   1.55e-09   3.75e-04  46.6%
Combinational          4.17e-05   4.96e-05   1.01e-09   9.13e-05  11.3%
Clock                  2.28e-04   1.11e-04   3.24e-10   3.39e-04  42.1%
Macro                  0.00e+00   0.00e+00   0.00e+00   0.00e+00   0.0%
Pad                    0.00e+00   0.00e+00   0.00e+00   0.00e+00   0.0%
----------------------------------------------------------------
Total                  6.17e-04   1.89e-04   2.89e-09   8.06e-04 100.0%
                          76.5%      23.5%       0.0%
